Using pre-set license
Built from '2022.3/staging' branch; Version is '2022.3.19f1 (244b723c30a6) revision 2378610'; Using compiler version '192829333'; Build Type 'Release'
OS: 'Windows 11  (10.0.22631) 64bit Professional' Language: 'es' Physical Memory: 16121 MB
BatchMode: 1, IsHumanControllingUs: 0, StartBugReporterOnCrash: 0, Is64bit: 1, IsPro: 1

COMMAND LINE ARGUMENTS:
C:\Program Files\Unity\Hub\Editor\2022.3.19f1\Editor\Unity.exe
-adb2
-batchMode
-noUpm
-name
AssetImportWorker0
-projectPath
C:/Users/FX506/Desktop/Asignaturas/DSH/ProyectosDSH/Tutupan/Tutupan
-logFile
Logs/AssetImportWorker0.log
-srvPort
61004
Successfully changed project path to: C:/Users/FX506/Desktop/Asignaturas/DSH/ProyectosDSH/Tutupan/Tutupan
C:/Users/FX506/Desktop/Asignaturas/DSH/ProyectosDSH/Tutupan/Tutupan
[UnityMemory] Configuration Parameters - Can be set up in boot.config
    "memorysetup-bucket-allocator-granularity=16"
    "memorysetup-bucket-allocator-bucket-count=8"
    "memorysetup-bucket-allocator-block-size=33554432"
    "memorysetup-bucket-allocator-block-count=8"
    "memorysetup-main-allocator-block-size=16777216"
    "memorysetup-thread-allocator-block-size=16777216"
    "memorysetup-gfx-main-allocator-block-size=16777216"
    "memorysetup-gfx-thread-allocator-block-size=16777216"
    "memorysetup-cache-allocator-block-size=4194304"
    "memorysetup-typetree-allocator-block-size=2097152"
    "memorysetup-profiler-bucket-allocator-granularity=16"
    "memorysetup-profiler-bucket-allocator-bucket-count=8"
    "memorysetup-profiler-bucket-allocator-block-size=33554432"
    "memorysetup-profiler-bucket-allocator-block-count=8"
    "memorysetup-profiler-allocator-block-size=16777216"
    "memorysetup-profiler-editor-allocator-block-size=1048576"
    "memorysetup-temp-allocator-size-main=16777216"
    "memorysetup-job-temp-allocator-block-size=2097152"
    "memorysetup-job-temp-allocator-block-size-background=1048576"
    "memorysetup-job-temp-allocator-reduction-small-platforms=262144"
    "memorysetup-allocator-temp-initial-block-size-main=262144"
    "memorysetup-allocator-temp-initial-block-size-worker=262144"
    "memorysetup-temp-allocator-size-background-worker=32768"
    "memorysetup-temp-allocator-size-job-worker=262144"
    "memorysetup-temp-allocator-size-preload-manager=33554432"
    "memorysetup-temp-allocator-size-nav-mesh-worker=65536"
    "memorysetup-temp-allocator-size-audio-worker=65536"
    "memorysetup-temp-allocator-size-cloud-worker=32768"
    "memorysetup-temp-allocator-size-gi-baking-worker=262144"
    "memorysetup-temp-allocator-size-gfx=262144"
Player connection [4100] Host "[IP] 192.168.56.1 [Port] 0 [Flags] 2 [Guid] 4092328259 [EditorId] 4092328259 [Version] 1048832 [Id] WindowsEditor(7,LAPTOP-TSDLB3US) [Debug] 1 [PackageName] WindowsEditor [ProjectName] Editor" joined multi-casting on [225.0.0.222:54997]...

Player connection [4100] Host "[IP] 192.168.56.1 [Port] 0 [Flags] 2 [Guid] 4092328259 [EditorId] 4092328259 [Version] 1048832 [Id] WindowsEditor(7,LAPTOP-TSDLB3US) [Debug] 1 [PackageName] WindowsEditor [ProjectName] Editor" joined alternative multi-casting on [225.0.0.222:34997]...

[Physics::Module] Initialized MultithreadedJobDispatcher with 15 workers.
Refreshing native plugins compatible for Editor in 2.79 ms, found 1 plugins.
Preloading 0 native plugins for Editor in 0.00 ms.
Initialize engine version: 2022.3.19f1 (244b723c30a6)
[Subsystems] Discovering subsystems at path C:/Program Files/Unity/Hub/Editor/2022.3.19f1/Editor/Data/Resources/UnitySubsystems
[Subsystems] Discovering subsystems at path C:/Users/FX506/Desktop/Asignaturas/DSH/ProyectosDSH/Tutupan/Tutupan/Assets
GfxDevice: creating device client; threaded=0; jobified=0
Direct3D:
    Version:  Direct3D 11.0 [level 11.1]
    Renderer: NVIDIA GeForce RTX 3060 Laptop GPU (ID=0x2520)
    Vendor:   NVIDIA
    VRAM:     5996 MB
    Driver:   31.0.15.5161
Initialize mono
Mono path[0] = 'C:/Program Files/Unity/Hub/Editor/2022.3.19f1/Editor/Data/Managed'
Mono path[1] = 'C:/Program Files/Unity/Hub/Editor/2022.3.19f1/Editor/Data/MonoBleedingEdge/lib/mono/unityjit-win32'
Mono config path = 'C:/Program Files/Unity/Hub/Editor/2022.3.19f1/Editor/Data/MonoBleedingEdge/etc'
Using monoOptions --debugger-agent=transport=dt_socket,embedding=1,server=y,suspend=n,address=127.0.0.1:56620
Begin MonoManager ReloadAssembly
Registering precompiled unity dll's ...
Register platform support module: C:/Program Files/Unity/Hub/Editor/2022.3.19f1/Editor/Data/PlaybackEngines/WebGLSupport/UnityEditor.WebGL.Extensions.dll
Register platform support module: C:/Program Files/Unity/Hub/Editor/2022.3.19f1/Editor/Data/PlaybackEngines/AndroidPlayer/UnityEditor.Android.Extensions.dll
Register platform support module: C:/Program Files/Unity/Hub/Editor/2022.3.19f1/Editor/Data/PlaybackEngines/WindowsStandaloneSupport/UnityEditor.WindowsStandalone.Extensions.dll
Registered in 0.009428 seconds.
- Loaded All Assemblies, in  0.317 seconds
Native extension for WindowsStandalone target not found
Native extension for Android target not found
Android Extension - Scanning For ADB Devices 211 ms
Native extension for WebGL target not found
Mono: successfully reloaded assembly
- Finished resetting the current domain, in  0.522 seconds
Domain Reload Profiling: 838ms
	BeginReloadAssembly (94ms)
		ExecutionOrderSort (0ms)
		DisableScriptedObjects (0ms)
		BackupInstance (0ms)
		ReleaseScriptingObjects (0ms)
		CreateAndSetChildDomain (1ms)
	RebuildCommonClasses (28ms)
	RebuildNativeTypeToScriptingClass (9ms)
	initialDomainReloadingComplete (53ms)
	LoadAllAssembliesAndSetupDomain (131ms)
		LoadAssemblies (92ms)
		RebuildTransferFunctionScriptingTraits (0ms)
		AnalyzeDomain (129ms)
			TypeCache.Refresh (127ms)
				TypeCache.ScanAssembly (115ms)
			ScanForSourceGeneratedMonoScriptInfo (0ms)
			ResolveRequiredComponents (0ms)
	FinalizeReload (523ms)
		ReleaseScriptCaches (0ms)
		RebuildScriptCaches (0ms)
		SetupLoadedEditorAssemblies (473ms)
			LogAssemblyErrors (0ms)
			InitializePlatformSupportModulesInManaged (325ms)
			SetLoadedEditorAssemblies (3ms)
			RefreshPlugins (0ms)
			BeforeProcessingInitializeOnLoad (2ms)
			ProcessInitializeOnLoadAttributes (106ms)
			ProcessInitializeOnLoadMethodAttributes (37ms)
			AfterProcessingInitializeOnLoad (0ms)
			EditorAssembliesLoaded (0ms)
		ExecutionOrderSort2 (0ms)
		AwakeInstancesAfterBackupRestoration (0ms)
========================================================================
Worker process is ready to serve import requests
Begin MonoManager ReloadAssembly
Symbol file data-0000025C62982530 doesn't match image C:\Users\FX506\Desktop\Asignaturas\DSH\ProyectosDSH\Tutupan\Tutupan\Library\ScriptAssemblies\Unity.EditorCoroutines.Editor.dll
Symbol file LoadedFromMemory is not a mono symbol file
Symbol file data-0000025C6271AC40 doesn't match image C:\Users\FX506\Desktop\Asignaturas\DSH\ProyectosDSH\Tutupan\Tutupan\Library\ScriptAssemblies\Unity.AI.Navigation.dll
Symbol file LoadedFromMemory is not a mono symbol file
Symbol file data-0000025C6267DB60 doesn't match image C:\Users\FX506\Desktop\Asignaturas\DSH\ProyectosDSH\Tutupan\Tutupan\Library\ScriptAssemblies\Unity.Timeline.Editor.dll
Symbol file LoadedFromMemory is not a mono symbol file
Symbol file data-0000025C626B8150 doesn't match image C:\Users\FX506\Desktop\Asignaturas\DSH\ProyectosDSH\Tutupan\Tutupan\Library\ScriptAssemblies\Unity.VisualStudio.Editor.dll
Symbol file LoadedFromMemory is not a mono symbol file
Symbol file data-0000025C626CFF60 doesn't match image C:\Users\FX506\Desktop\Asignaturas\DSH\ProyectosDSH\Tutupan\Tutupan\Library\ScriptAssemblies\UnityEditor.UI.dll
Symbol file LoadedFromMemory is not a mono symbol file
Symbol file data-0000025C626E2770 doesn't match image C:\Users\FX506\Desktop\Asignaturas\DSH\ProyectosDSH\Tutupan\Tutupan\Library\ScriptAssemblies\Unity.Rider.Editor.dll
Symbol file LoadedFromMemory is not a mono symbol file
Symbol file data-0000025C62CD6B90 doesn't match image C:\Users\FX506\Desktop\Asignaturas\DSH\ProyectosDSH\Tutupan\Tutupan\Library\ScriptAssemblies\UnityEngine.UI.dll
Symbol file LoadedFromMemory is not a mono symbol file
Symbol file data-0000025C626F2780 doesn't match image C:\Users\FX506\Desktop\Asignaturas\DSH\ProyectosDSH\Tutupan\Tutupan\Library\ScriptAssemblies\Unity.Formats.Fbx.Runtime.dll
Symbol file LoadedFromMemory is not a mono symbol file
Symbol file data-0000025C62CD6B90 doesn't match image C:\Users\FX506\Desktop\Asignaturas\DSH\ProyectosDSH\Tutupan\Tutupan\Library\ScriptAssemblies\UnityEditor.TestRunner.dll
Symbol file LoadedFromMemory is not a mono symbol file
Symbol file data-0000025C84D9C440 doesn't match image C:\Users\FX506\Desktop\Asignaturas\DSH\ProyectosDSH\Tutupan\Tutupan\Library\ScriptAssemblies\Unity.Timeline.dll
Symbol file LoadedFromMemory is not a mono symbol file
Symbol file data-0000025C84D9F450 doesn't match image C:\Users\FX506\Desktop\Asignaturas\DSH\ProyectosDSH\Tutupan\Tutupan\Library\ScriptAssemblies\Unity.TestTools.CodeCoverage.Editor.OpenCover.Mono.Reflection.dll
Symbol file LoadedFromMemory is not a mono symbol file
Symbol file data-0000025C62CD6B90 doesn't match image C:\Users\FX506\Desktop\Asignaturas\DSH\ProyectosDSH\Tutupan\Tutupan\Library\ScriptAssemblies\Unity.Performance.Profile-Analyzer.Editor.dll
Symbol file LoadedFromMemory is not a mono symbol file
Symbol file data-0000025C62CD6B90 doesn't match image C:\Users\FX506\Desktop\Asignaturas\DSH\ProyectosDSH\Tutupan\Tutupan\Library\ScriptAssemblies\Unity.TestTools.CodeCoverage.Editor.OpenCover.Model.dll
Symbol file LoadedFromMemory is not a mono symbol file
Symbol file data-0000025C84D9F450 doesn't match image C:\Users\FX506\Desktop\Asignaturas\DSH\ProyectosDSH\Tutupan\Tutupan\Library\ScriptAssemblies\Unity.AI.Navigation.Updater.dll
Symbol file LoadedFromMemory is not a mono symbol file
Symbol file data-0000025C845A1430 doesn't match image C:\Users\FX506\Desktop\Asignaturas\DSH\ProyectosDSH\Tutupan\Tutupan\Library\ScriptAssemblies\Autodesk.Fbx.dll
Symbol file LoadedFromMemory is not a mono symbol file
Symbol file data-0000025C8439F760 doesn't match image C:\Users\FX506\Desktop\Asignaturas\DSH\ProyectosDSH\Tutupan\Tutupan\Library\ScriptAssemblies\Unity.TestTools.CodeCoverage.Editor.dll
Symbol file LoadedFromMemory is not a mono symbol file
Symbol file data-0000025C8439F760 doesn't match image C:\Users\FX506\Desktop\Asignaturas\DSH\ProyectosDSH\Tutupan\Tutupan\Library\ScriptAssemblies\UnityEngine.TestRunner.dll
Symbol file LoadedFromMemory is not a mono symbol file
Symbol file data-0000025C843A9B70 doesn't match image C:\Users\FX506\Desktop\Asignaturas\DSH\ProyectosDSH\Tutupan\Tutupan\Library\ScriptAssemblies\Unity.Settings.Editor.dll
Symbol file LoadedFromMemory is not a mono symbol file
Symbol file data-0000025C84D9F450 doesn't match image C:\Users\FX506\Desktop\Asignaturas\DSH\ProyectosDSH\Tutupan\Tutupan\Library\ScriptAssemblies\Autodesk.Fbx.Editor.dll
Symbol file LoadedFromMemory is not a mono symbol file
Symbol file data-0000025C627C5000 doesn't match image C:\Users\FX506\Desktop\Asignaturas\DSH\ProyectosDSH\Tutupan\Tutupan\Library\ScriptAssemblies\Unity.Formats.Fbx.Editor.dll
Symbol file LoadedFromMemory is not a mono symbol file
Symbol file data-0000025C8492E020 doesn't match image C:\Users\FX506\Desktop\Asignaturas\DSH\ProyectosDSH\Tutupan\Tutupan\Library\ScriptAssemblies\Unity.TextMeshPro.dll
Symbol file LoadedFromMemory is not a mono symbol file
Symbol file data-0000025C627E5010 doesn't match image C:\Users\FX506\Desktop\Asignaturas\DSH\ProyectosDSH\Tutupan\Tutupan\Library\ScriptAssemblies\Unity.TextMeshPro.Editor.dll
Symbol file LoadedFromMemory is not a mono symbol file
Symbol file data-0000025C843A9B70 doesn't match image C:\Users\FX506\Desktop\Asignaturas\DSH\ProyectosDSH\Tutupan\Tutupan\Library\ScriptAssemblies\Unity.AI.Navigation.Editor.dll
Symbol file LoadedFromMemory is not a mono symbol file
Symbol file data-0000025C627F2820 doesn't match image C:\Users\FX506\Desktop\Asignaturas\DSH\ProyectosDSH\Tutupan\Tutupan\Library\ScriptAssemblies\Unity.AI.Navigation.Editor.ConversionSystem.dll
Symbol file LoadedFromMemory is not a mono symbol file
Symbol file data-0000025C847DD420 doesn't match image C:\Users\FX506\Desktop\Asignaturas\DSH\ProyectosDSH\Tutupan\Tutupan\Library\ScriptAssemblies\Unity.VSCode.Editor.dll
Symbol file LoadedFromMemory is not a mono symbol file
Symbol file data-0000025C8498A040 doesn't match image C:\Users\FX506\Desktop\Asignaturas\DSH\ProyectosDSH\Tutupan\Tutupan\Library\ScriptAssemblies\FbxBuildTestAssets.dll
Symbol file LoadedFromMemory is not a mono symbol file
- Loaded All Assemblies, in  0.444 seconds
Refreshing native plugins compatible for Editor in 1.47 ms, found 1 plugins.
Native extension for WindowsStandalone target not found
Native extension for Android target not found
Native extension for WebGL target not found
Mono: successfully reloaded assembly
- Finished resetting the current domain, in  0.393 seconds
Domain Reload Profiling: 835ms
	BeginReloadAssembly (131ms)
		ExecutionOrderSort (0ms)
		DisableScriptedObjects (4ms)
		BackupInstance (0ms)
		ReleaseScriptingObjects (0ms)
		CreateAndSetChildDomain (23ms)
	RebuildCommonClasses (29ms)
	RebuildNativeTypeToScriptingClass (9ms)
	initialDomainReloadingComplete (39ms)
	LoadAllAssembliesAndSetupDomain (233ms)
		LoadAssemblies (210ms)
		RebuildTransferFunctionScriptingTraits (0ms)
		AnalyzeDomain (97ms)
			TypeCache.Refresh (82ms)
				TypeCache.ScanAssembly (70ms)
			ScanForSourceGeneratedMonoScriptInfo (12ms)
			ResolveRequiredComponents (3ms)
	FinalizeReload (394ms)
		ReleaseScriptCaches (0ms)
		RebuildScriptCaches (0ms)
		SetupLoadedEditorAssemblies (255ms)
			LogAssemblyErrors (0ms)
			InitializePlatformSupportModulesInManaged (23ms)
			SetLoadedEditorAssemblies (4ms)
			RefreshPlugins (0ms)
			BeforeProcessingInitializeOnLoad (53ms)
			ProcessInitializeOnLoadAttributes (150ms)
			ProcessInitializeOnLoadMethodAttributes (19ms)
			AfterProcessingInitializeOnLoad (6ms)
			EditorAssembliesLoaded (0ms)
		ExecutionOrderSort2 (0ms)
		AwakeInstancesAfterBackupRestoration (5ms)
Launched and connected shader compiler UnityShaderCompiler.exe after 0.03 seconds
Refreshing native plugins compatible for Editor in 1.51 ms, found 1 plugins.
Preloading 0 native plugins for Editor in 0.00 ms.
Unloading 2044 Unused Serialized files (Serialized files now loaded: 0)
Unloading 25 unused Assets / (373.2 KB). Loaded Objects now: 2550.
Memory consumption went from 130.0 MB to 129.6 MB.
Total: 2.727200 ms (FindLiveObjects: 0.204100 ms CreateObjectMapping: 0.051400 ms MarkObjects: 2.265500 ms  DeleteObjects: 0.205200 ms)

AssetImportParameters requested are different than current active one (requested -> active):
  custom:video-decoder-webm-vp8: 9c59270c3fd7afecdb556c50c9e8de78 -> 
  custom:SearchIndexIgnoredProperties: e643bd26f0fe6173181afceb89e7c659 -> 
  custom:container-demuxer-ogg: 62fdf1f143b41e24485cea50d1cbac27 -> 
  custom:AudioImporter_EditorPlatform: d09bf68614088b80899f8185d706f6e7 -> 
  custom:video-codec-MediaFoundation-h265: 746d11721c4dcdbdad8f713fa42b33f4 -> 
  custom:video-decoder-ogg-theora: a1e56fd34408186e4bbccfd4996cb3dc -> 
  custom:framework-win-MediaFoundation: 216162199b28c13a410421893ffa2e32 -> 
  custom:video-encoder-webm-vp8: eb34c28f22e8b96e1ab97ce403110664 -> 
  custom:audio-decoder-ogg-vorbis: bf7c407c2cedff20999df2af8eb42d56 -> 
  custom:CustomObjectIndexerAttribute: 6d391050e5a25f67b0a2c618074f2cd9 -> 
  custom:container-demuxer-webm: 4f35f7cbe854078d1ac9338744f61a02 -> 
  custom:audio-encoder-webm-vorbis: bf7c407c2cedff20999df2af8eb42d56 -> 
  custom:container-muxer-webm: aa71ff27fc2769a1b78a27578f13a17b -> 
========================================================================
Received Import Request.
  Time since last request: 3455.367658 seconds.
  path: Assets/Prefabs/UI
  artifactKey: Guid(ef65a5f9a09661041ba4f0d0fa7d0b21) Importer(815301076,1909f56bfc062723c751e8b465ee728b)
Start importing Assets/Prefabs/UI using Guid(ef65a5f9a09661041ba4f0d0fa7d0b21) Importer(815301076,1909f56bfc062723c751e8b465ee728b)  -> (artifact id: 'c74f415187da67cc6fa07c8dd38753f9') in 0.002573 seconds
Number of updated asset objects reloaded before import = 0
Number of asset objects unloaded after import = 0
========================================================================
Received Import Request.
  Time since last request: 0.000016 seconds.
  path: Assets/Prefabs/UI/BotonElegirNivel.prefab
  artifactKey: Guid(0dfbea8df25d42f4d8e294e92faec87d) Importer(815301076,1909f56bfc062723c751e8b465ee728b)
Start importing Assets/Prefabs/UI/BotonElegirNivel.prefab using Guid(0dfbea8df25d42f4d8e294e92faec87d) Importer(815301076,1909f56bfc062723c751e8b465ee728b)  -> (artifact id: '57c8dd30d3f3e17fdc213c7c5cf1fdaa') in 0.028216 seconds
Number of updated asset objects reloaded before import = 0
Number of asset objects unloaded after import = 11
========================================================================
Received Import Request.
  Time since last request: 0.000020 seconds.
  path: Assets/Prefabs/TutupanRopaverde.prefab
  artifactKey: Guid(50ebf56b6dd1060438dfa459c7164468) Importer(815301076,1909f56bfc062723c751e8b465ee728b)
Start importing Assets/Prefabs/TutupanRopaverde.prefab using Guid(50ebf56b6dd1060438dfa459c7164468) Importer(815301076,1909f56bfc062723c751e8b465ee728b)  -> (artifact id: 'f94924766948adcc9a4856b9bfdeef75') in 0.417999 seconds
Number of updated asset objects reloaded before import = 0
Number of asset objects unloaded after import = 535
========================================================================
Received Import Request.
  Time since last request: 0.000034 seconds.
  path: Assets/Prefabs/Mushroom.fbx
  artifactKey: Guid(c5554d4ecbf31f04693b490b97dfe413) Importer(815301076,1909f56bfc062723c751e8b465ee728b)
Start importing Assets/Prefabs/Mushroom.fbx using Guid(c5554d4ecbf31f04693b490b97dfe413) Importer(815301076,1909f56bfc062723c751e8b465ee728b)  -> (artifact id: '491fbed5873ff5dc60265e48719df37d') in 0.065860 seconds
Number of updated asset objects reloaded before import = 0
Number of asset objects unloaded after import = 16
========================================================================
Received Import Request.
  Time since last request: 0.000029 seconds.
  path: Assets/Prefabs/TutupanSinzapatos.prefab
  artifactKey: Guid(b8e74cc1747cc5342a8fdbdff08080f8) Importer(815301076,1909f56bfc062723c751e8b465ee728b)
Start importing Assets/Prefabs/TutupanSinzapatos.prefab using Guid(b8e74cc1747cc5342a8fdbdff08080f8) Importer(815301076,1909f56bfc062723c751e8b465ee728b)  -> (artifact id: '9ad535536f2a1bd1b004bb1b0fd93593') in 0.868109 seconds
Number of updated asset objects reloaded before import = 0
Number of asset objects unloaded after import = 498
========================================================================
Received Import Request.
  Time since last request: 0.000021 seconds.
  path: Assets/Prefabs/TutupanTienda.prefab
  artifactKey: Guid(293c650148a949146a4108ddcfda39ac) Importer(815301076,1909f56bfc062723c751e8b465ee728b)
Start importing Assets/Prefabs/TutupanTienda.prefab using Guid(293c650148a949146a4108ddcfda39ac) Importer(815301076,1909f56bfc062723c751e8b465ee728b)  -> (artifact id: '0986e88b4929de7df6cf348a49cd450e') in 0.163669 seconds
Number of updated asset objects reloaded before import = 0
Number of asset objects unloaded after import = 473
========================================================================
Received Import Request.
  Time since last request: 0.000033 seconds.
  path: Assets/Prefabs
  artifactKey: Guid(74d99f2b18f112845b68a2903ea4402a) Importer(815301076,1909f56bfc062723c751e8b465ee728b)
Start importing Assets/Prefabs using Guid(74d99f2b18f112845b68a2903ea4402a) Importer(815301076,1909f56bfc062723c751e8b465ee728b)  -> (artifact id: '3f1c5cab7b82a08fae88a3e7be029c91') in 0.000656 seconds
Number of updated asset objects reloaded before import = 0
Number of asset objects unloaded after import = 0
========================================================================
Received Import Request.
  Time since last request: 102.692396 seconds.
  path: Assets/Prefabs/UI/BotonElegirNivel1.prefab
  artifactKey: Guid(b603e639b9520e34f9e1cbc005b5a8be) Importer(815301076,1909f56bfc062723c751e8b465ee728b)
Start importing Assets/Prefabs/UI/BotonElegirNivel1.prefab using Guid(b603e639b9520e34f9e1cbc005b5a8be) Importer(815301076,1909f56bfc062723c751e8b465ee728b)  -> (artifact id: 'c4a6c61513df5875812fb7e9c03c5f17') in 0.001925 seconds
Number of updated asset objects reloaded before import = 0
Number of asset objects unloaded after import = 11
========================================================================
Received Import Request.
  Time since last request: 156.093559 seconds.
  path: Assets/Prefabs/UI/BotonElegirNivel.prefab
  artifactKey: Guid(b603e639b9520e34f9e1cbc005b5a8be) Importer(815301076,1909f56bfc062723c751e8b465ee728b)
Start importing Assets/Prefabs/UI/BotonElegirNivel.prefab using Guid(b603e639b9520e34f9e1cbc005b5a8be) Importer(815301076,1909f56bfc062723c751e8b465ee728b)  -> (artifact id: 'c664c4299d6c5ba963eed66d5786ebd9') in 0.002795 seconds
Number of updated asset objects reloaded before import = 0
Number of asset objects unloaded after import = 11
========================================================================
Received Import Request.
  Time since last request: 194.770810 seconds.
  path: Assets/Prefabs/UI/BotonElegirNivel.prefab
  artifactKey: Guid(b603e639b9520e34f9e1cbc005b5a8be) Importer(815301076,1909f56bfc062723c751e8b465ee728b)
Start importing Assets/Prefabs/UI/BotonElegirNivel.prefab using Guid(b603e639b9520e34f9e1cbc005b5a8be) Importer(815301076,1909f56bfc062723c751e8b465ee728b)  -> (artifact id: '059451fc4d76e31959688eaa9e802cb8') in 0.002953 seconds
Number of updated asset objects reloaded before import = 0
Number of asset objects unloaded after import = 11
========================================================================
Received Import Request.
  Time since last request: 0.692632 seconds.
  path: Assets/Prefabs/UI/BotonElegirNivel.prefab
  artifactKey: Guid(b603e639b9520e34f9e1cbc005b5a8be) Importer(815301076,1909f56bfc062723c751e8b465ee728b)
Start importing Assets/Prefabs/UI/BotonElegirNivel.prefab using Guid(b603e639b9520e34f9e1cbc005b5a8be) Importer(815301076,1909f56bfc062723c751e8b465ee728b)  -> (artifact id: 'b5b464b07e7a9ac904726ebc765b3e83') in 0.001954 seconds
Number of updated asset objects reloaded before import = 0
Number of asset objects unloaded after import = 11
========================================================================
Received Import Request.
  Time since last request: 7.287691 seconds.
  path: Assets/Prefabs/UI/BotonElegirNivel.prefab
  artifactKey: Guid(b603e639b9520e34f9e1cbc005b5a8be) Importer(815301076,1909f56bfc062723c751e8b465ee728b)
Start importing Assets/Prefabs/UI/BotonElegirNivel.prefab using Guid(b603e639b9520e34f9e1cbc005b5a8be) Importer(815301076,1909f56bfc062723c751e8b465ee728b)  -> (artifact id: '1d6ed83e242c4415eb0f28b156e5f716') in 0.001852 seconds
Number of updated asset objects reloaded before import = 0
Number of asset objects unloaded after import = 11
========================================================================
Received Import Request.
  Time since last request: 18.812737 seconds.
  path: Assets/Prefabs/UI/BotonElegirNivel.prefab
  artifactKey: Guid(b603e639b9520e34f9e1cbc005b5a8be) Importer(815301076,1909f56bfc062723c751e8b465ee728b)
Start importing Assets/Prefabs/UI/BotonElegirNivel.prefab using Guid(b603e639b9520e34f9e1cbc005b5a8be) Importer(815301076,1909f56bfc062723c751e8b465ee728b)  -> (artifact id: 'a0d43752673186329eb309330490de01') in 0.002066 seconds
Number of updated asset objects reloaded before import = 0
Number of asset objects unloaded after import = 11
========================================================================
Received Import Request.
  Time since last request: 313.819274 seconds.
  path: Assets/Material
  artifactKey: Guid(1cc75a03e7ef0b0429bee7c98498a158) Importer(815301076,1909f56bfc062723c751e8b465ee728b)
Start importing Assets/Material using Guid(1cc75a03e7ef0b0429bee7c98498a158) Importer(815301076,1909f56bfc062723c751e8b465ee728b)  -> (artifact id: 'f2f0c44a29d93150296bcb02e30fc7e6') in 0.000895 seconds
Number of updated asset objects reloaded before import = 0
Number of asset objects unloaded after import = 0
========================================================================
Received Import Request.
  Time since last request: 0.402157 seconds.
  path: Assets/Material/Madera.mat
  artifactKey: Guid(bb0b8c0ae460f5e418502d37f3381865) Importer(815301076,1909f56bfc062723c751e8b465ee728b)
Start importing Assets/Material/Madera.mat using Guid(bb0b8c0ae460f5e418502d37f3381865) Importer(815301076,1909f56bfc062723c751e8b465ee728b)  -> (artifact id: 'e5fb20a708b5dea64c8fe8030e5a7970') in 0.019471 seconds
Number of updated asset objects reloaded before import = 0
Number of asset objects unloaded after import = 2
========================================================================
Received Import Request.
  Time since last request: 1.091687 seconds.
  path: Assets/Material/Lights And Mirrors
  artifactKey: Guid(7def0146c6da80f4b93ade56b174160c) Importer(815301076,1909f56bfc062723c751e8b465ee728b)
Start importing Assets/Material/Lights And Mirrors using Guid(7def0146c6da80f4b93ade56b174160c) Importer(815301076,1909f56bfc062723c751e8b465ee728b)  -> (artifact id: '471f5eb2fe6d03c5ed1940b8a8d7a3a4') in 0.000844 seconds
Number of updated asset objects reloaded before import = 0
Number of asset objects unloaded after import = 0
========================================================================
Received Import Request.
  Time since last request: 15.255774 seconds.
  path: Assets/Material/Decorados
  artifactKey: Guid(85051b6aa26be2b42af9bbec2411eb80) Importer(815301076,1909f56bfc062723c751e8b465ee728b)
Start importing Assets/Material/Decorados using Guid(85051b6aa26be2b42af9bbec2411eb80) Importer(815301076,1909f56bfc062723c751e8b465ee728b)  -> (artifact id: '52e6c18909a5f343413614fad0b9539d') in 0.000500 seconds
Number of updated asset objects reloaded before import = 0
Number of asset objects unloaded after import = 0
========================================================================
Received Import Request.
  Time since last request: 10.092371 seconds.
  path: Assets/Material/UI
  artifactKey: Guid(d392f2b89834ef04b9a9c3388f162d60) Importer(815301076,1909f56bfc062723c751e8b465ee728b)
Start importing Assets/Material/UI using Guid(d392f2b89834ef04b9a9c3388f162d60) Importer(815301076,1909f56bfc062723c751e8b465ee728b)  -> (artifact id: '8e5854deb9a186cf4d4b544a55ee81fa') in 0.000525 seconds
Number of updated asset objects reloaded before import = 0
Number of asset objects unloaded after import = 0
========================================================================
Received Import Request.
  Time since last request: 5.338991 seconds.
  path: Assets/Material/UI/BanderitaProgreso.png
  artifactKey: Guid(b0ec91a0ced97d04db3e700e28657ca4) Importer(815301076,1909f56bfc062723c751e8b465ee728b)
Start importing Assets/Material/UI/BanderitaProgreso.png using Guid(b0ec91a0ced97d04db3e700e28657ca4) Importer(815301076,1909f56bfc062723c751e8b465ee728b)  -> (artifact id: '0984f863a628c3205326fda1fb30cd5d') in 0.023263 seconds
Number of updated asset objects reloaded before import = 0
Number of asset objects unloaded after import = 2
========================================================================
Received Import Request.
  Time since last request: 20.711115 seconds.
  path: Assets/Imagenes
  artifactKey: Guid(60b17295f5662cf41bc0de3f16ecf798) Importer(815301076,1909f56bfc062723c751e8b465ee728b)
Start importing Assets/Imagenes using Guid(60b17295f5662cf41bc0de3f16ecf798) Importer(815301076,1909f56bfc062723c751e8b465ee728b)  -> (artifact id: '438671f113de573f21c0dcca0a30993d') in 0.000716 seconds
Number of updated asset objects reloaded before import = 0
Number of asset objects unloaded after import = 0
========================================================================
Received Import Request.
  Time since last request: 2.222497 seconds.
  path: Assets/Imagenes/MAPA
  artifactKey: Guid(3bf615bddb89ac942b3f0fb1ca8ed837) Importer(815301076,1909f56bfc062723c751e8b465ee728b)
Start importing Assets/Imagenes/MAPA using Guid(3bf615bddb89ac942b3f0fb1ca8ed837) Importer(815301076,1909f56bfc062723c751e8b465ee728b)  -> (artifact id: 'b5ca238fc3b2e2e4535818af76c28ddd') in 0.000570 seconds
Number of updated asset objects reloaded before import = 0
Number of asset objects unloaded after import = 0
========================================================================
Received Import Request.
  Time since last request: 1.133979 seconds.
  path: Assets/Imagenes/MAPA/Mapa1al12.png
  artifactKey: Guid(d14e05b3dbd77394fadfc0dc26e7dad7) Importer(815301076,1909f56bfc062723c751e8b465ee728b)
Start importing Assets/Imagenes/MAPA/Mapa1al12.png using Guid(d14e05b3dbd77394fadfc0dc26e7dad7) Importer(815301076,1909f56bfc062723c751e8b465ee728b)  -> (artifact id: '822d82f1d9f423cc4bf04bc367e5334c') in 0.017887 seconds
Number of updated asset objects reloaded before import = 0
Number of asset objects unloaded after import = 2
========================================================================
Received Import Request.
  Time since last request: 6.360160 seconds.
  path: Assets/Imagenes/UI
  artifactKey: Guid(d9e63b87c0a49dc44a7f61d957c423f2) Importer(815301076,1909f56bfc062723c751e8b465ee728b)
Start importing Assets/Imagenes/UI using Guid(d9e63b87c0a49dc44a7f61d957c423f2) Importer(815301076,1909f56bfc062723c751e8b465ee728b)  -> (artifact id: '4e27872518be87173ef81d0df6e936bc') in 0.000614 seconds
Number of updated asset objects reloaded before import = 0
Number of asset objects unloaded after import = 0
========================================================================
Received Import Request.
  Time since last request: 12.829213 seconds.
  path: Assets/Material/UI/Banderita.mat
  artifactKey: Guid(9fcef51e2cd0bd043bce3efd720f8a6f) Importer(815301076,1909f56bfc062723c751e8b465ee728b)
Start importing Assets/Material/UI/Banderita.mat using Guid(9fcef51e2cd0bd043bce3efd720f8a6f) Importer(815301076,1909f56bfc062723c751e8b465ee728b)  -> (artifact id: '73f6dac49c8fd671b82856cce9bd38a4') in 0.012198 seconds
Number of updated asset objects reloaded before import = 0
Number of asset objects unloaded after import = 1
========================================================================
Received Import Request.
  Time since last request: 2.804843 seconds.
  path: Assets/Plugins/UniGLTF/Tests/UniGLTF/4x4_gray_import_as_linear.png
  artifactKey: Guid(fc1ba24d4a4141d4d9e9ae0a0d3ecd0a) Importer(815301076,1909f56bfc062723c751e8b465ee728b)
Start importing Assets/Plugins/UniGLTF/Tests/UniGLTF/4x4_gray_import_as_linear.png using Guid(fc1ba24d4a4141d4d9e9ae0a0d3ecd0a) Importer(815301076,1909f56bfc062723c751e8b465ee728b)  -> (artifact id: '97e3a82cdd609ae526a64fe8ac5dbe9e') in 0.016484 seconds
Number of updated asset objects reloaded before import = 0
Number of asset objects unloaded after import = 2
========================================================================
Received Import Request.
  Time since last request: 0.000016 seconds.
  path: Assets/Prefabs/UniVRM Import/UniVRM Import/TutupanTienda/TutupanTienda.Textures/_02.png
  artifactKey: Guid(9ad9cefe3b7a4e343b0d71ef054f9f49) Importer(815301076,1909f56bfc062723c751e8b465ee728b)
Start importing Assets/Prefabs/UniVRM Import/UniVRM Import/TutupanTienda/TutupanTienda.Textures/_02.png using Guid(9ad9cefe3b7a4e343b0d71ef054f9f49) Importer(815301076,1909f56bfc062723c751e8b465ee728b)  -> (artifact id: '571b1ff8d5c8b0830400cae626045618') in 0.036947 seconds
Number of updated asset objects reloaded before import = 0
Number of asset objects unloaded after import = 2
========================================================================
Received Import Request.
  Time since last request: 0.000017 seconds.
  path: Assets/Prefabs/UniVRM Import/UniVRM Import/RopaVerde/TutupanRopaverde.Textures/TutupanRopaverde.Textures/_01.png
  artifactKey: Guid(91b59c586ef65744e9abc1d3261575f9) Importer(815301076,1909f56bfc062723c751e8b465ee728b)
Start importing Assets/Prefabs/UniVRM Import/UniVRM Import/RopaVerde/TutupanRopaverde.Textures/TutupanRopaverde.Textures/_01.png using Guid(91b59c586ef65744e9abc1d3261575f9) Importer(815301076,1909f56bfc062723c751e8b465ee728b)  -> (artifact id: 'c2e6cd96a549c3ec917439001af01a08') in 0.030931 seconds
Number of updated asset objects reloaded before import = 0
Number of asset objects unloaded after import = 2
========================================================================
Received Import Request.
  Time since last request: 0.000024 seconds.
  path: Assets/Prefabs/UniVRM Import/UniVRM Import/RopaVerde/TutupanRopaverde.Textures/TutupanRopaverde.Textures/_04.png
  artifactKey: Guid(9ade0233f1e5b1047953bc8377e71bd5) Importer(815301076,1909f56bfc062723c751e8b465ee728b)
Start importing Assets/Prefabs/UniVRM Import/UniVRM Import/RopaVerde/TutupanRopaverde.Textures/TutupanRopaverde.Textures/_04.png using Guid(9ade0233f1e5b1047953bc8377e71bd5) Importer(815301076,1909f56bfc062723c751e8b465ee728b)  -> (artifact id: '2e65f6492feedf136e3b3731b9f6f299') in 0.015759 seconds
Number of updated asset objects reloaded before import = 0
Number of asset objects unloaded after import = 2
========================================================================
Received Import Request.
  Time since last request: 0.000020 seconds.
  path: Assets/Prefabs/UniVRM Import/UniVRM Import/TutupanTienda/TutupanTienda.Textures/_06.png
  artifactKey: Guid(06cdc9886e999eb46b8675f50c21f8f9) Importer(815301076,1909f56bfc062723c751e8b465ee728b)
Start importing Assets/Prefabs/UniVRM Import/UniVRM Import/TutupanTienda/TutupanTienda.Textures/_06.png using Guid(06cdc9886e999eb46b8675f50c21f8f9) Importer(815301076,1909f56bfc062723c751e8b465ee728b)  -> (artifact id: 'aee4c368b6ba0e90e0124f498849f72d') in 0.018004 seconds
Number of updated asset objects reloaded before import = 0
Number of asset objects unloaded after import = 2
========================================================================
Received Import Request.
  Time since last request: 0.000032 seconds.
  path: Assets/Prefabs/UniVRM Import/UniVRM Import/TutupanTienda/TutupanTienda.Textures/_03.png
  artifactKey: Guid(380c5a39074859b46b34395397fb1770) Importer(815301076,1909f56bfc062723c751e8b465ee728b)
Start importing Assets/Prefabs/UniVRM Import/UniVRM Import/TutupanTienda/TutupanTienda.Textures/_03.png using Guid(380c5a39074859b46b34395397fb1770) Importer(815301076,1909f56bfc062723c751e8b465ee728b)  -> (artifact id: '9eb2a9935600057d4362e2ae41caacbf') in 0.021017 seconds
Number of updated asset objects reloaded before import = 0
Number of asset objects unloaded after import = 2
========================================================================
Received Import Request.
  Time since last request: 0.000020 seconds.
  path: Assets/Prefabs/UniVRM Import/UniVRM Import/SinZapatos/TutupanSinzapatos.Textures/_02.png
  artifactKey: Guid(3eb0baafca6e3154fb8279c6008baa14) Importer(815301076,1909f56bfc062723c751e8b465ee728b)
Start importing Assets/Prefabs/UniVRM Import/UniVRM Import/SinZapatos/TutupanSinzapatos.Textures/_02.png using Guid(3eb0baafca6e3154fb8279c6008baa14) Importer(815301076,1909f56bfc062723c751e8b465ee728b)  -> (artifact id: '53712f3f697b1138444724a6bd6e5924') in 0.011238 seconds
Number of updated asset objects reloaded before import = 0
Number of asset objects unloaded after import = 2
========================================================================
Received Import Request.
  Time since last request: 0.000021 seconds.
  path: Assets/Prefabs/UniVRM Import/UniVRM Import/RopaVerde/TutupanRopaverde.Textures/_03.png
  artifactKey: Guid(0fe183f8dae8d02429367ff5b20e79c3) Importer(815301076,1909f56bfc062723c751e8b465ee728b)
Start importing Assets/Prefabs/UniVRM Import/UniVRM Import/RopaVerde/TutupanRopaverde.Textures/_03.png using Guid(0fe183f8dae8d02429367ff5b20e79c3) Importer(815301076,1909f56bfc062723c751e8b465ee728b)  -> (artifact id: 'd1e1b7de7e0bf9d8d713e8ae59176ac0') in 0.011646 seconds
Number of updated asset objects reloaded before import = 0
Number of asset objects unloaded after import = 2
========================================================================
Received Import Request.
  Time since last request: 0.000013 seconds.
  path: Assets/Prefabs/UniVRM Import/UniVRM Import/SinZapatos/TutupanSinzapatos.Textures/_05.normal.png
  artifactKey: Guid(9f70a71e95426c7498206e4bb97ea3bf) Importer(815301076,1909f56bfc062723c751e8b465ee728b)
Start importing Assets/Prefabs/UniVRM Import/UniVRM Import/SinZapatos/TutupanSinzapatos.Textures/_05.normal.png using Guid(9f70a71e95426c7498206e4bb97ea3bf) Importer(815301076,1909f56bfc062723c751e8b465ee728b)  -> (artifact id: '0f5c21ff5b6c46d7a6e64950d6521cbd') in 0.042857 seconds
Number of updated asset objects reloaded before import = 0
Number of asset objects unloaded after import = 2
========================================================================
Received Import Request.
  Time since last request: 0.000038 seconds.
  path: Assets/Prefabs/UniVRM Import/UniVRM Import/RopaVerde/TutupanRopaverde.Textures/TutupanRopaverde.Textures/_10.png
  artifactKey: Guid(ce9a1893835e20642bd834b2199e13ff) Importer(815301076,1909f56bfc062723c751e8b465ee728b)
Start importing Assets/Prefabs/UniVRM Import/UniVRM Import/RopaVerde/TutupanRopaverde.Textures/TutupanRopaverde.Textures/_10.png using Guid(ce9a1893835e20642bd834b2199e13ff) Importer(815301076,1909f56bfc062723c751e8b465ee728b)  -> (artifact id: 'ac03094a96fd521cf8a2a41aafaffeea') in 0.021560 seconds
Number of updated asset objects reloaded before import = 0
Number of asset objects unloaded after import = 2
========================================================================
Received Import Request.
  Time since last request: 0.000016 seconds.
  path: Assets/Prefabs/UniVRM Import/UniVRM Import/SinZapatos/TutupanSinzapatos.Textures/_01.png
  artifactKey: Guid(07b9ddf36d09376438da206f66bedae8) Importer(815301076,1909f56bfc062723c751e8b465ee728b)
Start importing Assets/Prefabs/UniVRM Import/UniVRM Import/SinZapatos/TutupanSinzapatos.Textures/_01.png using Guid(07b9ddf36d09376438da206f66bedae8) Importer(815301076,1909f56bfc062723c751e8b465ee728b)  -> (artifact id: '4f86f4a2b71972512d1dd0ce8a735957') in 0.011321 seconds
Number of updated asset objects reloaded before import = 0
Number of asset objects unloaded after import = 2
========================================================================
Received Import Request.
  Time since last request: 0.000016 seconds.
  path: Assets/Prefabs/UniVRM Import/UniVRM Import/TutupanTienda/TutupanTienda.Textures/_07.png
  artifactKey: Guid(b8d661873c431374a80fa47477656ac0) Importer(815301076,1909f56bfc062723c751e8b465ee728b)
Start importing Assets/Prefabs/UniVRM Import/UniVRM Import/TutupanTienda/TutupanTienda.Textures/_07.png using Guid(b8d661873c431374a80fa47477656ac0) Importer(815301076,1909f56bfc062723c751e8b465ee728b)  -> (artifact id: '7b488a9bc9ce6dae0252fcf5c280d237') in 0.015053 seconds
Number of updated asset objects reloaded before import = 0
Number of asset objects unloaded after import = 2
========================================================================
Received Import Request.
  Time since last request: 0.000019 seconds.
  path: Assets/Plugins/VRMShaders/GLTF/IO/Tests/4x4_non_readable.png
  artifactKey: Guid(82e462ede66d6d0488b5be50747cbad9) Importer(815301076,1909f56bfc062723c751e8b465ee728b)
Start importing Assets/Plugins/VRMShaders/GLTF/IO/Tests/4x4_non_readable.png using Guid(82e462ede66d6d0488b5be50747cbad9) Importer(815301076,1909f56bfc062723c751e8b465ee728b)  -> (artifact id: 'e6eea9a0e6dbfa8a0e4169b4494b37a0') in 0.013574 seconds
Number of updated asset objects reloaded before import = 0
Number of asset objects unloaded after import = 2
========================================================================
Received Import Request.
  Time since last request: 0.000015 seconds.
  path: Assets/Prefabs/UniVRM Import/UniVRM Import/SinZapatos/TutupanSinzapatos.Textures/_06.png
  artifactKey: Guid(3d6e35d2a7a3ca946842631e8f8e1e72) Importer(815301076,1909f56bfc062723c751e8b465ee728b)
Start importing Assets/Prefabs/UniVRM Import/UniVRM Import/SinZapatos/TutupanSinzapatos.Textures/_06.png using Guid(3d6e35d2a7a3ca946842631e8f8e1e72) Importer(815301076,1909f56bfc062723c751e8b465ee728b)  -> (artifact id: '9e415284f4f919399717b1599c43794f') in 0.009718 seconds
Number of updated asset objects reloaded before import = 0
Number of asset objects unloaded after import = 2
========================================================================
Received Import Request.
  Time since last request: 0.000016 seconds.
  path: Assets/Prefabs/UniVRM Import/UniVRM Import/RopaVerde/TutupanRopaverde.Textures/_04.png
  artifactKey: Guid(b5d92360363b47743b91617ba07ff5e4) Importer(815301076,1909f56bfc062723c751e8b465ee728b)
Start importing Assets/Prefabs/UniVRM Import/UniVRM Import/RopaVerde/TutupanRopaverde.Textures/_04.png using Guid(b5d92360363b47743b91617ba07ff5e4) Importer(815301076,1909f56bfc062723c751e8b465ee728b)  -> (artifact id: 'ead0f02df21ff5fe8a383ab4ee974f7c') in 0.017546 seconds
Number of updated asset objects reloaded before import = 0
Number of asset objects unloaded after import = 2
========================================================================
Received Import Request.
  Time since last request: 0.000017 seconds.
  path: Assets/Prefabs/UniVRM Import/UniVRM Import/RopaVerde/TutupanRopaverde.Textures/_02.png
  artifactKey: Guid(07cb1a798744d01439f0f952cc45b084) Importer(815301076,1909f56bfc062723c751e8b465ee728b)
Start importing Assets/Prefabs/UniVRM Import/UniVRM Import/RopaVerde/TutupanRopaverde.Textures/_02.png using Guid(07cb1a798744d01439f0f952cc45b084) Importer(815301076,1909f56bfc062723c751e8b465ee728b)  -> (artifact id: '97112459690b8d931de42819b873fef3') in 0.011188 seconds
Number of updated asset objects reloaded before import = 0
Number of asset objects unloaded after import = 2
========================================================================
Received Import Request.
  Time since last request: 0.000014 seconds.
  path: Assets/Plugins/UniGLTF/Tests/UniGLTF/4x4_gray_import_as_normal_map.png
  artifactKey: Guid(b5d17df8d14f2324692a7c69f24cf658) Importer(815301076,1909f56bfc062723c751e8b465ee728b)
Start importing Assets/Plugins/UniGLTF/Tests/UniGLTF/4x4_gray_import_as_normal_map.png using Guid(b5d17df8d14f2324692a7c69f24cf658) Importer(815301076,1909f56bfc062723c751e8b465ee728b)  -> (artifact id: 'b69dff40f6265341840e2543ec1f7608') in 0.016289 seconds
Number of updated asset objects reloaded before import = 0
Number of asset objects unloaded after import = 2
========================================================================
Received Import Request.
  Time since last request: 0.000029 seconds.
  path: Assets/Prefabs/UniVRM Import/UniVRM Import/RopaVerde/TutupanRopaverde.Textures/_05.normal.png
  artifactKey: Guid(b6f0f7978d7e7e345bca1c2f05a7c606) Importer(815301076,1909f56bfc062723c751e8b465ee728b)
Start importing Assets/Prefabs/UniVRM Import/UniVRM Import/RopaVerde/TutupanRopaverde.Textures/_05.normal.png using Guid(b6f0f7978d7e7e345bca1c2f05a7c606) Importer(815301076,1909f56bfc062723c751e8b465ee728b)  -> (artifact id: 'a18641248ab71bb0e99654d96aab6f76') in 0.013031 seconds
Number of updated asset objects reloaded before import = 0
Number of asset objects unloaded after import = 2
========================================================================
Received Import Request.
  Time since last request: 0.000029 seconds.
  path: Assets/Prefabs/UniVRM Import/UniVRM Import/RopaVerde/TutupanRopaverde.Textures/TutupanRopaverde.Textures/_06.png
  artifactKey: Guid(da4eac23b5ff74e48a4ad7a6ee817d8c) Importer(815301076,1909f56bfc062723c751e8b465ee728b)
Start importing Assets/Prefabs/UniVRM Import/UniVRM Import/RopaVerde/TutupanRopaverde.Textures/TutupanRopaverde.Textures/_06.png using Guid(da4eac23b5ff74e48a4ad7a6ee817d8c) Importer(815301076,1909f56bfc062723c751e8b465ee728b)  -> (artifact id: '157cca343d175e049f7f44d5a450f99f') in 0.010201 seconds
Number of updated asset objects reloaded before import = 0
Number of asset objects unloaded after import = 2
========================================================================
Received Import Request.
  Time since last request: 0.000019 seconds.
  path: Assets/Prefabs/UniVRM Import/UniVRM Import/SinZapatos/TutupanSinzapatos.Textures/_09.png
  artifactKey: Guid(09482e077b9fff74cbf160cb13e3ca64) Importer(815301076,1909f56bfc062723c751e8b465ee728b)
Start importing Assets/Prefabs/UniVRM Import/UniVRM Import/SinZapatos/TutupanSinzapatos.Textures/_09.png using Guid(09482e077b9fff74cbf160cb13e3ca64) Importer(815301076,1909f56bfc062723c751e8b465ee728b)  -> (artifact id: '6d23f7e44ae6a6a5c6f4dde54087a289') in 0.016791 seconds
Number of updated asset objects reloaded before import = 0
Number of asset objects unloaded after import = 2
========================================================================
Received Import Request.
  Time since last request: 0.000017 seconds.
  path: Assets/Prefabs/UniVRM Import/UniVRM Import/TutupanTienda/TutupanTienda.Textures/_01.png
  artifactKey: Guid(2f71fded42b462a4f8c7c79651a2cafb) Importer(815301076,1909f56bfc062723c751e8b465ee728b)
Start importing Assets/Prefabs/UniVRM Import/UniVRM Import/TutupanTienda/TutupanTienda.Textures/_01.png using Guid(2f71fded42b462a4f8c7c79651a2cafb) Importer(815301076,1909f56bfc062723c751e8b465ee728b)  -> (artifact id: 'fd9fba83b113f35b832b85a67362a98a') in 0.010284 seconds
Number of updated asset objects reloaded before import = 0
Number of asset objects unloaded after import = 2
========================================================================
Received Import Request.
  Time since last request: 0.000019 seconds.
  path: Assets/Prefabs/UniVRM Import/UniVRM Import/SinZapatos/TutupanSinzapatos.Textures/_07.png
  artifactKey: Guid(d4f3f1adaea294243ae6d3247e6c3a55) Importer(815301076,1909f56bfc062723c751e8b465ee728b)
Start importing Assets/Prefabs/UniVRM Import/UniVRM Import/SinZapatos/TutupanSinzapatos.Textures/_07.png using Guid(d4f3f1adaea294243ae6d3247e6c3a55) Importer(815301076,1909f56bfc062723c751e8b465ee728b)  -> (artifact id: 'a8a5ccc40341c3951eda4394184f4b95') in 0.013186 seconds
Number of updated asset objects reloaded before import = 0
Number of asset objects unloaded after import = 2
========================================================================
Received Import Request.
  Time since last request: 0.000016 seconds.
  path: Assets/Prefabs/UniVRM Import/UniVRM Import/SinZapatos/TutupanSinzapatos.Textures/_08.png
  artifactKey: Guid(57c08280a2ef55f4aa9769855f0f0259) Importer(815301076,1909f56bfc062723c751e8b465ee728b)
Start importing Assets/Prefabs/UniVRM Import/UniVRM Import/SinZapatos/TutupanSinzapatos.Textures/_08.png using Guid(57c08280a2ef55f4aa9769855f0f0259) Importer(815301076,1909f56bfc062723c751e8b465ee728b)  -> (artifact id: 'b6e1a522d72a3358f6d06333f014c465') in 0.016033 seconds
Number of updated asset objects reloaded before import = 0
Number of asset objects unloaded after import = 2
========================================================================
Received Import Request.
  Time since last request: 0.000019 seconds.
  path: Assets/Prefabs/UniVRM Import/UniVRM Import/RopaVerde/TutupanRopaverde.Textures/_07.png
  artifactKey: Guid(8eb45ebffb478a14ca46fcc8ec7c4098) Importer(815301076,1909f56bfc062723c751e8b465ee728b)
Start importing Assets/Prefabs/UniVRM Import/UniVRM Import/RopaVerde/TutupanRopaverde.Textures/_07.png using Guid(8eb45ebffb478a14ca46fcc8ec7c4098) Importer(815301076,1909f56bfc062723c751e8b465ee728b)  -> (artifact id: 'f1bdba5461434087a7cb81f27d3ee476') in 0.011447 seconds
Number of updated asset objects reloaded before import = 0
Number of asset objects unloaded after import = 2
========================================================================
Received Import Request.
  Time since last request: 0.000019 seconds.
  path: Assets/Prefabs/UniVRM Import/UniVRM Import/RopaVerde/TutupanRopaverde.Textures/_11.normal.png
  artifactKey: Guid(a1412b04d5a5466448e000e9c00811e0) Importer(815301076,1909f56bfc062723c751e8b465ee728b)
Start importing Assets/Prefabs/UniVRM Import/UniVRM Import/RopaVerde/TutupanRopaverde.Textures/_11.normal.png using Guid(a1412b04d5a5466448e000e9c00811e0) Importer(815301076,1909f56bfc062723c751e8b465ee728b)  -> (artifact id: '6892a7fad22730e2c057dae887805bec') in 0.030120 seconds
Number of updated asset objects reloaded before import = 0
Number of asset objects unloaded after import = 2
========================================================================
Received Import Request.
  Time since last request: 0.000021 seconds.
  path: Assets/Plugins/VRMShaders/GLTF/IO/Tests/4x4_non_readable_compressed.DDS
  artifactKey: Guid(e1e26504b87027940bfbd21ea1327ff6) Importer(815301076,1909f56bfc062723c751e8b465ee728b)
Start importing Assets/Plugins/VRMShaders/GLTF/IO/Tests/4x4_non_readable_compressed.DDS using Guid(e1e26504b87027940bfbd21ea1327ff6) Importer(815301076,1909f56bfc062723c751e8b465ee728b)  -> (artifact id: '622656c8e6cacebf4096c69ec7b4b5d4') in 0.011563 seconds
Number of updated asset objects reloaded before import = 0
Number of asset objects unloaded after import = 2
========================================================================
Received Import Request.
  Time since last request: 0.000018 seconds.
  path: Assets/Prefabs/UniVRM Import/UniVRM Import/TutupanTienda/TutupanTienda.Textures/_11.normal.png
  artifactKey: Guid(f79c48c246719e54c90138cd7ad0ece8) Importer(815301076,1909f56bfc062723c751e8b465ee728b)
Start importing Assets/Prefabs/UniVRM Import/UniVRM Import/TutupanTienda/TutupanTienda.Textures/_11.normal.png using Guid(f79c48c246719e54c90138cd7ad0ece8) Importer(815301076,1909f56bfc062723c751e8b465ee728b)  -> (artifact id: '950a306dd82815d2c65ddf7d7aecc1e8') in 0.019558 seconds
Number of updated asset objects reloaded before import = 0
Number of asset objects unloaded after import = 2
========================================================================
Received Import Request.
  Time since last request: 0.000034 seconds.
  path: Assets/Prefabs/UniVRM Import/UniVRM Import/SinZapatos/TutupanSinzapatos.Textures/_04.png
  artifactKey: Guid(3a4a14a5dab4d4348bef9a5ea2959689) Importer(815301076,1909f56bfc062723c751e8b465ee728b)
Start importing Assets/Prefabs/UniVRM Import/UniVRM Import/SinZapatos/TutupanSinzapatos.Textures/_04.png using Guid(3a4a14a5dab4d4348bef9a5ea2959689) Importer(815301076,1909f56bfc062723c751e8b465ee728b)  -> (artifact id: '9a3578abce344bd8bc3401e4d7115763') in 0.016543 seconds
Number of updated asset objects reloaded before import = 0
Number of asset objects unloaded after import = 2
========================================================================
Received Import Request.
  Time since last request: 0.000019 seconds.
  path: Assets/Prefabs/UniVRM Import/UniVRM Import/RopaVerde/TutupanRopaverde.Textures/TutupanRopaverde.Textures/_11.normal.png
  artifactKey: Guid(170fbbd389a7c7547a68bd7b568d185d) Importer(815301076,1909f56bfc062723c751e8b465ee728b)
Start importing Assets/Prefabs/UniVRM Import/UniVRM Import/RopaVerde/TutupanRopaverde.Textures/TutupanRopaverde.Textures/_11.normal.png using Guid(170fbbd389a7c7547a68bd7b568d185d) Importer(815301076,1909f56bfc062723c751e8b465ee728b)  -> (artifact id: '60f101938e0a5b052ae14a76916ceb79') in 0.020883 seconds
Number of updated asset objects reloaded before import = 0
Number of asset objects unloaded after import = 2
========================================================================
Received Import Request.
  Time since last request: 0.000019 seconds.
  path: Assets/Prefabs/UniVRM Import/UniVRM Import/RopaVerde/TutupanRopaverde.Textures/TutupanRopaverde.Textures/_03.png
  artifactKey: Guid(b2d42a510e606c04d9092fc08d2dde88) Importer(815301076,1909f56bfc062723c751e8b465ee728b)
Start importing Assets/Prefabs/UniVRM Import/UniVRM Import/RopaVerde/TutupanRopaverde.Textures/TutupanRopaverde.Textures/_03.png using Guid(b2d42a510e606c04d9092fc08d2dde88) Importer(815301076,1909f56bfc062723c751e8b465ee728b)  -> (artifact id: '1ff3a2f2e54240cf2cc36c7392f2a2d1') in 0.010286 seconds
Number of updated asset objects reloaded before import = 0
Number of asset objects unloaded after import = 2
========================================================================
Received Import Request.
  Time since last request: 0.000020 seconds.
  path: Assets/Prefabs/UniVRM Import/UniVRM Import/TutupanTienda/TutupanTienda.Textures/_04.png
  artifactKey: Guid(67a414aa7a531254b8f7610dc0662242) Importer(815301076,1909f56bfc062723c751e8b465ee728b)
Start importing Assets/Prefabs/UniVRM Import/UniVRM Import/TutupanTienda/TutupanTienda.Textures/_04.png using Guid(67a414aa7a531254b8f7610dc0662242) Importer(815301076,1909f56bfc062723c751e8b465ee728b)  -> (artifact id: 'cf1757fd8b9d6c4970f2c296284ee0e6') in 0.016104 seconds
Number of updated asset objects reloaded before import = 0
Number of asset objects unloaded after import = 2
========================================================================
Received Import Request.
  Time since last request: 0.000025 seconds.
  path: Assets/Prefabs/UniVRM Import/UniVRM Import/RopaVerde/TutupanRopaverde.Textures/_10.png
  artifactKey: Guid(a62db6acf09c6d444893725c6cfa55c0) Importer(815301076,1909f56bfc062723c751e8b465ee728b)
Start importing Assets/Prefabs/UniVRM Import/UniVRM Import/RopaVerde/TutupanRopaverde.Textures/_10.png using Guid(a62db6acf09c6d444893725c6cfa55c0) Importer(815301076,1909f56bfc062723c751e8b465ee728b)  -> (artifact id: '65ef2f189462f6dae48e08072e5ea62f') in 0.018807 seconds
Number of updated asset objects reloaded before import = 0
Number of asset objects unloaded after import = 2
========================================================================
Received Import Request.
  Time since last request: 0.000037 seconds.
  path: Assets/Prefabs/UniVRM Import/UniVRM Import/RopaVerde/TutupanRopaverde.Textures/_12.png
  artifactKey: Guid(45b708db60e65aa4aa6f5ed290ec9fbd) Importer(815301076,1909f56bfc062723c751e8b465ee728b)
Start importing Assets/Prefabs/UniVRM Import/UniVRM Import/RopaVerde/TutupanRopaverde.Textures/_12.png using Guid(45b708db60e65aa4aa6f5ed290ec9fbd) Importer(815301076,1909f56bfc062723c751e8b465ee728b)  -> (artifact id: '05b9d070883b8e2abe241c59c8239b2b') in 0.034428 seconds
Number of updated asset objects reloaded before import = 0
Number of asset objects unloaded after import = 2
========================================================================
Received Import Request.
  Time since last request: 0.000034 seconds.
  path: Assets/Prefabs/UniVRM Import/UniVRM Import/SinZapatos/TutupanSinzapatos.Textures/_03.png
  artifactKey: Guid(4decc1c429c95f8468b073dc527b0d73) Importer(815301076,1909f56bfc062723c751e8b465ee728b)
Start importing Assets/Prefabs/UniVRM Import/UniVRM Import/SinZapatos/TutupanSinzapatos.Textures/_03.png using Guid(4decc1c429c95f8468b073dc527b0d73) Importer(815301076,1909f56bfc062723c751e8b465ee728b)  -> (artifact id: 'ff0d6b41a43def0d475e87ed0694affe') in 0.011886 seconds
Number of updated asset objects reloaded before import = 0
Number of asset objects unloaded after import = 2
========================================================================
Received Import Request.
  Time since last request: 0.000016 seconds.
  path: Assets/Prefabs/UniVRM Import/UniVRM Import/RopaVerde/TutupanRopaverde.Textures/TutupanRopaverde.Textures/_07.png
  artifactKey: Guid(f5e2722aed473e445bd207abc96003b9) Importer(815301076,1909f56bfc062723c751e8b465ee728b)
Start importing Assets/Prefabs/UniVRM Import/UniVRM Import/RopaVerde/TutupanRopaverde.Textures/TutupanRopaverde.Textures/_07.png using Guid(f5e2722aed473e445bd207abc96003b9) Importer(815301076,1909f56bfc062723c751e8b465ee728b)  -> (artifact id: 'f9366df94bf6dcb3b39cb320739bb34d') in 0.010935 seconds
Number of updated asset objects reloaded before import = 0
Number of asset objects unloaded after import = 2
========================================================================
Received Import Request.
  Time since last request: 0.000028 seconds.
  path: Assets/Prefabs/UniVRM Import/UniVRM Import/RopaVerde/TutupanRopaverde.Textures/_01.png
  artifactKey: Guid(c532bfffa1e29cd4f8c506f1b7bdd676) Importer(815301076,1909f56bfc062723c751e8b465ee728b)
Start importing Assets/Prefabs/UniVRM Import/UniVRM Import/RopaVerde/TutupanRopaverde.Textures/_01.png using Guid(c532bfffa1e29cd4f8c506f1b7bdd676) Importer(815301076,1909f56bfc062723c751e8b465ee728b)  -> (artifact id: '262bad2ff7f7c3dca823ea15301308d2') in 0.011499 seconds
Number of updated asset objects reloaded before import = 0
Number of asset objects unloaded after import = 2
========================================================================
Received Import Request.
  Time since last request: 0.000018 seconds.
  path: Assets/Prefabs/UniVRM Import/UniVRM Import/RopaVerde/TutupanRopaverde.Textures/TutupanRopaverde.Textures/_12.png
  artifactKey: Guid(c5fee3c2254b487408b8d66d94f3dfb3) Importer(815301076,1909f56bfc062723c751e8b465ee728b)
Start importing Assets/Prefabs/UniVRM Import/UniVRM Import/RopaVerde/TutupanRopaverde.Textures/TutupanRopaverde.Textures/_12.png using Guid(c5fee3c2254b487408b8d66d94f3dfb3) Importer(815301076,1909f56bfc062723c751e8b465ee728b)  -> (artifact id: '3959999d7c9db4ecac7de81848360df7') in 0.017932 seconds
Number of updated asset objects reloaded before import = 0
Number of asset objects unloaded after import = 2
========================================================================
Received Import Request.
  Time since last request: 0.000028 seconds.
  path: Assets/Prefabs/UniVRM Import/UniVRM Import/TutupanTienda/TutupanTienda.Textures/_09.png
  artifactKey: Guid(10071cb0998b54c4eb487ccde85aaaa8) Importer(815301076,1909f56bfc062723c751e8b465ee728b)
Start importing Assets/Prefabs/UniVRM Import/UniVRM Import/TutupanTienda/TutupanTienda.Textures/_09.png using Guid(10071cb0998b54c4eb487ccde85aaaa8) Importer(815301076,1909f56bfc062723c751e8b465ee728b)  -> (artifact id: '1690da95445d4f4f946c7a804dbadc87') in 0.010795 seconds
Number of updated asset objects reloaded before import = 0
Number of asset objects unloaded after import = 2
========================================================================
Received Import Request.
  Time since last request: 0.000019 seconds.
  path: Assets/Prefabs/UniVRM Import/UniVRM Import/RopaVerde/TutupanRopaverde.Textures/TutupanRopaverde.Textures/_02.png
  artifactKey: Guid(28f7ee93820eaa84bbc0aa9ed3c58d97) Importer(815301076,1909f56bfc062723c751e8b465ee728b)
Start importing Assets/Prefabs/UniVRM Import/UniVRM Import/RopaVerde/TutupanRopaverde.Textures/TutupanRopaverde.Textures/_02.png using Guid(28f7ee93820eaa84bbc0aa9ed3c58d97) Importer(815301076,1909f56bfc062723c751e8b465ee728b)  -> (artifact id: '8188e20200435de995b5cea0b47b082e') in 0.010638 seconds
Number of updated asset objects reloaded before import = 0
Number of asset objects unloaded after import = 2
========================================================================
Received Import Request.
  Time since last request: 0.000021 seconds.
  path: Assets/Prefabs/UniVRM Import/UniVRM Import/RopaVerde/TutupanRopaverde.Textures/TutupanRopaverde.Textures/_05.normal.png
  artifactKey: Guid(e50f87e7d952b3b48be489324597b534) Importer(815301076,1909f56bfc062723c751e8b465ee728b)
Start importing Assets/Prefabs/UniVRM Import/UniVRM Import/RopaVerde/TutupanRopaverde.Textures/TutupanRopaverde.Textures/_05.normal.png using Guid(e50f87e7d952b3b48be489324597b534) Importer(815301076,1909f56bfc062723c751e8b465ee728b)  -> (artifact id: 'a417d7a8a17394904381da6e416e8bff') in 0.010305 seconds
Number of updated asset objects reloaded before import = 0
Number of asset objects unloaded after import = 2
========================================================================
Received Import Request.
  Time since last request: 0.000023 seconds.
  path: Assets/Prefabs/UniVRM Import/UniVRM Import/RopaVerde/TutupanRopaverde.Textures/TutupanRopaverde.Textures/_09.png
  artifactKey: Guid(d9e6c6ba56ccc944baa5c79ca0a7bae8) Importer(815301076,1909f56bfc062723c751e8b465ee728b)
Start importing Assets/Prefabs/UniVRM Import/UniVRM Import/RopaVerde/TutupanRopaverde.Textures/TutupanRopaverde.Textures/_09.png using Guid(d9e6c6ba56ccc944baa5c79ca0a7bae8) Importer(815301076,1909f56bfc062723c751e8b465ee728b)  -> (artifact id: 'd78619fb035aa79bea8e891e81e6a8dd') in 0.010794 seconds
Number of updated asset objects reloaded before import = 0
Number of asset objects unloaded after import = 2
========================================================================
Received Import Request.
  Time since last request: 0.000016 seconds.
  path: Assets/Prefabs/UniVRM Import/UniVRM Import/RopaVerde/TutupanRopaverde.Textures/_06.png
  artifactKey: Guid(f2b0f2a63479cae4ba6b741774b9563f) Importer(815301076,1909f56bfc062723c751e8b465ee728b)
Start importing Assets/Prefabs/UniVRM Import/UniVRM Import/RopaVerde/TutupanRopaverde.Textures/_06.png using Guid(f2b0f2a63479cae4ba6b741774b9563f) Importer(815301076,1909f56bfc062723c751e8b465ee728b)  -> (artifact id: '824eb7a271ab95b2a8c71285f5fe131a') in 0.010719 seconds
Number of updated asset objects reloaded before import = 0
Number of asset objects unloaded after import = 2
========================================================================
Received Import Request.
  Time since last request: 0.000023 seconds.
  path: Assets/Prefabs/UniVRM Import/UniVRM Import/SinZapatos/TutupanSinzapatos.Textures/_12.png
  artifactKey: Guid(c48860872f641fd40b7d8041882bf00f) Importer(815301076,1909f56bfc062723c751e8b465ee728b)
Start importing Assets/Prefabs/UniVRM Import/UniVRM Import/SinZapatos/TutupanSinzapatos.Textures/_12.png using Guid(c48860872f641fd40b7d8041882bf00f) Importer(815301076,1909f56bfc062723c751e8b465ee728b)  -> (artifact id: 'f049d8c0e7ad5afea6e838ae34a6fc48') in 0.016921 seconds
Number of updated asset objects reloaded before import = 0
Number of asset objects unloaded after import = 2
========================================================================
Received Import Request.
  Time since last request: 0.000019 seconds.
  path: Assets/Prefabs/UniVRM Import/UniVRM Import/SinZapatos/TutupanSinzapatos.Textures/_10.png
  artifactKey: Guid(15f8a5fbb34290b41a239ba3493020a6) Importer(815301076,1909f56bfc062723c751e8b465ee728b)
Start importing Assets/Prefabs/UniVRM Import/UniVRM Import/SinZapatos/TutupanSinzapatos.Textures/_10.png using Guid(15f8a5fbb34290b41a239ba3493020a6) Importer(815301076,1909f56bfc062723c751e8b465ee728b)  -> (artifact id: '4ed917917f98aa0e006a08d98580947b') in 0.018813 seconds
Number of updated asset objects reloaded before import = 0
Number of asset objects unloaded after import = 2
========================================================================
Received Import Request.
  Time since last request: 0.000021 seconds.
  path: Assets/Prefabs/UniVRM Import/UniVRM Import/TutupanTienda/TutupanTienda.Textures/_05.normal.png
  artifactKey: Guid(962d3fa9c8af54849a63c3a18e5c663e) Importer(815301076,1909f56bfc062723c751e8b465ee728b)
Start importing Assets/Prefabs/UniVRM Import/UniVRM Import/TutupanTienda/TutupanTienda.Textures/_05.normal.png using Guid(962d3fa9c8af54849a63c3a18e5c663e) Importer(815301076,1909f56bfc062723c751e8b465ee728b)  -> (artifact id: 'e45b9ed419fe6c21f1938dedbb5f8490') in 0.011936 seconds
Number of updated asset objects reloaded before import = 0
Number of asset objects unloaded after import = 2
========================================================================
Received Import Request.
  Time since last request: 0.000018 seconds.
  path: Assets/Prefabs/UniVRM Import/UniVRM Import/RopaVerde/TutupanRopaverde.Textures/_09.png
  artifactKey: Guid(4e0d31e7248dee240a09e2a96629a303) Importer(815301076,1909f56bfc062723c751e8b465ee728b)
Start importing Assets/Prefabs/UniVRM Import/UniVRM Import/RopaVerde/TutupanRopaverde.Textures/_09.png using Guid(4e0d31e7248dee240a09e2a96629a303) Importer(815301076,1909f56bfc062723c751e8b465ee728b)  -> (artifact id: '258849b75f460b746993ab2b11040918') in 0.009997 seconds
Number of updated asset objects reloaded before import = 0
Number of asset objects unloaded after import = 2
========================================================================
Received Import Request.
  Time since last request: 0.000022 seconds.
  path: Assets/Prefabs/UniVRM Import/UniVRM Import/SinZapatos/TutupanSinzapatos.Textures/_11.normal.png
  artifactKey: Guid(d4271f08da803904faf0627094c2e462) Importer(815301076,1909f56bfc062723c751e8b465ee728b)
Start importing Assets/Prefabs/UniVRM Import/UniVRM Import/SinZapatos/TutupanSinzapatos.Textures/_11.normal.png using Guid(d4271f08da803904faf0627094c2e462) Importer(815301076,1909f56bfc062723c751e8b465ee728b)  -> (artifact id: '6d2ee83b8a15d725bb4f80c2094246ca') in 0.018699 seconds
Number of updated asset objects reloaded before import = 0
Number of asset objects unloaded after import = 2
========================================================================
Received Import Request.
  Time since last request: 0.000037 seconds.
  path: Assets/Prefabs/UniVRM Import/UniVRM Import/TutupanTienda/TutupanTienda.Textures/_10.png
  artifactKey: Guid(13ca04fa9d0ba5c41981487a6bc24931) Importer(815301076,1909f56bfc062723c751e8b465ee728b)
Start importing Assets/Prefabs/UniVRM Import/UniVRM Import/TutupanTienda/TutupanTienda.Textures/_10.png using Guid(13ca04fa9d0ba5c41981487a6bc24931) Importer(815301076,1909f56bfc062723c751e8b465ee728b)  -> (artifact id: 'e16fedd68aceb6cf6c07d7f39b0fd4ab') in 0.020764 seconds
Number of updated asset objects reloaded before import = 0
Number of asset objects unloaded after import = 2
========================================================================
Received Import Request.
  Time since last request: 0.000027 seconds.
  path: Assets/Prefabs/UniVRM Import/UniVRM Import/TutupanTienda/TutupanTienda.Textures/_12.png
  artifactKey: Guid(bcca14ccb5bcc4b49b10ac56a725435c) Importer(815301076,1909f56bfc062723c751e8b465ee728b)
Start importing Assets/Prefabs/UniVRM Import/UniVRM Import/TutupanTienda/TutupanTienda.Textures/_12.png using Guid(bcca14ccb5bcc4b49b10ac56a725435c) Importer(815301076,1909f56bfc062723c751e8b465ee728b)  -> (artifact id: 'd443de633285fb3812245c9153543c8b') in 0.017750 seconds
Number of updated asset objects reloaded before import = 0
Number of asset objects unloaded after import = 2
========================================================================
Received Import Request.
  Time since last request: 0.000018 seconds.
  path: Assets/Plugins/UniGLTF/Tests/UniGLTF/4x4_gray_import_as_srgb.png
  artifactKey: Guid(0f7acf68f1798ae48a5505519abac457) Importer(815301076,1909f56bfc062723c751e8b465ee728b)
Start importing Assets/Plugins/UniGLTF/Tests/UniGLTF/4x4_gray_import_as_srgb.png using Guid(0f7acf68f1798ae48a5505519abac457) Importer(815301076,1909f56bfc062723c751e8b465ee728b)  -> (artifact id: '8c264fb9b156b79416520ba56817c8fa') in 0.010186 seconds
Number of updated asset objects reloaded before import = 0
Number of asset objects unloaded after import = 2
========================================================================
Received Import Request.
  Time since last request: 98.667452 seconds.
  path: Assets/Imagenes/Icons/arrow_back_FILL0_wght400_GRAD0_opsz24.png
  artifactKey: Guid(578a94fb61aa7bf4b804eeb2285a5760) Importer(815301076,1909f56bfc062723c751e8b465ee728b)
Start importing Assets/Imagenes/Icons/arrow_back_FILL0_wght400_GRAD0_opsz24.png using Guid(578a94fb61aa7bf4b804eeb2285a5760) Importer(815301076,1909f56bfc062723c751e8b465ee728b)  -> (artifact id: 'f3162f00bd8fe317cbdfe20edfa02811') in 0.024679 seconds
Number of updated asset objects reloaded before import = 0
Number of asset objects unloaded after import = 3
========================================================================
Received Import Request.
  Time since last request: 0.041279 seconds.
  path: Assets/Imagenes/Icons/close_FILL0_wght400_GRAD0_opsz24.png
  artifactKey: Guid(cd4d4df3611464b40b75561979590160) Importer(815301076,1909f56bfc062723c751e8b465ee728b)
Start importing Assets/Imagenes/Icons/close_FILL0_wght400_GRAD0_opsz24.png using Guid(cd4d4df3611464b40b75561979590160) Importer(815301076,1909f56bfc062723c751e8b465ee728b)  -> (artifact id: '13784c38830225df7a7d61f60c66f8bb') in 0.017863 seconds
Number of updated asset objects reloaded before import = 0
Number of asset objects unloaded after import = 3
========================================================================
Received Import Request.
  Time since last request: 0.000016 seconds.
  path: Assets/Imagenes/Icons/manufacturing_FILL0_wght400_GRAD0_opsz24.png
  artifactKey: Guid(241b52a5d9f4a224a8fd0213b4beab6e) Importer(815301076,1909f56bfc062723c751e8b465ee728b)
Start importing Assets/Imagenes/Icons/manufacturing_FILL0_wght400_GRAD0_opsz24.png using Guid(241b52a5d9f4a224a8fd0213b4beab6e) Importer(815301076,1909f56bfc062723c751e8b465ee728b)  -> (artifact id: 'eec55aee72594abe8a93b8bfc862d59a') in 0.018749 seconds
Number of updated asset objects reloaded before import = 0
Number of asset objects unloaded after import = 3
========================================================================
Received Import Request.
  Time since last request: 26.480399 seconds.
  path: Assets/Imagenes/UI/BanderitaProgreso.png
  artifactKey: Guid(b0ec91a0ced97d04db3e700e28657ca4) Importer(815301076,1909f56bfc062723c751e8b465ee728b)
Start importing Assets/Imagenes/UI/BanderitaProgreso.png using Guid(b0ec91a0ced97d04db3e700e28657ca4) Importer(815301076,1909f56bfc062723c751e8b465ee728b)  -> (artifact id: 'b0247ccf843239e06ed235fd1e2cd9cf') in 0.020192 seconds
Number of updated asset objects reloaded before import = 0
Number of asset objects unloaded after import = 3
========================================================================
Received Import Request.
  Time since last request: 250.344827 seconds.
  path: Assets/Imagenes/UI/BanderitaProgreso.png
  artifactKey: Guid(b0ec91a0ced97d04db3e700e28657ca4) Importer(815301076,1909f56bfc062723c751e8b465ee728b)
Start importing Assets/Imagenes/UI/BanderitaProgreso.png using Guid(b0ec91a0ced97d04db3e700e28657ca4) Importer(815301076,1909f56bfc062723c751e8b465ee728b)  -> (artifact id: 'cea0459dbea82aa8e0304a9b325d2273') in 0.027477 seconds
Number of updated asset objects reloaded before import = 0
Number of asset objects unloaded after import = 3
